The system is: Linux - 3.19.0-26-generic - x86_64
Compiling the C compiler identification source file "CMakeCCompilerId.c" succeeded.
Compiler: /usr/bin/clang 
Build flags: 
Id flags: 

The output was:
0


Compilation of the C compiler identification source "CMakeCCompilerId.c" produced "a.out"

The C compiler identification is Clang, found in "/home/aburns/Documents/compilers/projects/bake/linux_cmake/CMakeFiles/3.0.2/CompilerIdC/a.out"

Compiling the CXX compiler identification source file "CMakeCXXCompilerId.cpp" succeeded.
Compiler: /usr/bin/clang++ 
Build flags: 
Id flags: 

The output was:
0


Compilation of the CXX compiler identification source "CMakeCXXCompilerId.cpp" produced "a.out"

The CXX compiler identification is Clang, found in "/home/aburns/Documents/compilers/projects/bake/linux_cmake/CMakeFiles/3.0.2/CompilerIdCXX/a.out"

Determining if the C compiler works passed with the following output:
Change Dir: /home/aburns/Documents/compilers/projects/bake/linux_cmake/CMakeFiles/CMakeTmp

Run Build Command:"/usr/bin/make" "cmTryCompileExec2748157054/fast"
/usr/bin/make -f CMakeFiles/cmTryCompileExec2748157054.dir/build.make CMakeFiles/cmTryCompileExec2748157054.dir/build
make[1]: Entering directory '/home/aburns/Documents/compilers/projects/bake/linux_cmake/CMakeFiles/CMakeTmp'
/usr/bin/cmake -E cmake_progress_report /home/aburns/Documents/compilers/projects/bake/linux_cmake/CMakeFiles/CMakeTmp/CMakeFiles 1
Building C object CMakeFiles/cmTryCompileExec2748157054.dir/testCCompiler.c.o
/usr/bin/clang    -o CMakeFiles/cmTryCompileExec2748157054.dir/testCCompiler.c.o   -c /home/aburns/Documents/compilers/projects/bake/linux_cmake/CMakeFiles/CMakeTmp/testCCompiler.c
Linking C executable cmTryCompileExec2748157054
/usr/bin/cmake -E cmake_link_script CMakeFiles/cmTryCompileExec2748157054.dir/link.txt --verbose=1
/usr/bin/clang       CMakeFiles/cmTryCompileExec2748157054.dir/testCCompiler.c.o  -o cmTryCompileExec2748157054 -rdynamic 
make[1]: Leaving directory '/home/aburns/Documents/compilers/projects/bake/linux_cmake/CMakeFiles/CMakeTmp'


Detecting C compiler ABI info compiled with the following output:
Change Dir: /home/aburns/Documents/compilers/projects/bake/linux_cmake/CMakeFiles/CMakeTmp

Run Build Command:"/usr/bin/make" "cmTryCompileExec3880575128/fast"
/usr/bin/make -f CMakeFiles/cmTryCompileExec3880575128.dir/build.make CMakeFiles/cmTryCompileExec3880575128.dir/build
make[1]: Entering directory '/home/aburns/Documents/compilers/projects/bake/linux_cmake/CMakeFiles/CMakeTmp'
/usr/bin/cmake -E cmake_progress_report /home/aburns/Documents/compilers/projects/bake/linux_cmake/CMakeFiles/CMakeTmp/CMakeFiles 1
Building C object CMakeFiles/cmTryCompileExec3880575128.dir/CMakeCCompilerABI.c.o
/usr/bin/clang    -o CMakeFiles/cmTryCompileExec3880575128.dir/CMakeCCompilerABI.c.o   -c /usr/share/cmake-3.0/Modules/CMakeCCompilerABI.c
Linking C executable cmTryCompileExec3880575128
/usr/bin/cmake -E cmake_link_script CMakeFiles/cmTryCompileExec3880575128.dir/link.txt --verbose=1
/usr/bin/clang     -v CMakeFiles/cmTryCompileExec3880575128.dir/CMakeCCompilerABI.c.o  -o cmTryCompileExec3880575128 -rdynamic  
Ubuntu clang version 3.6.0-2ubuntu1 (tags/RELEASE_360/final) (based on LLVM 3.6.0)
Target: x86_64-pc-linux-gnu
Thread model: posix
Found candidate GCC installation: /usr/bin/../lib/gcc/i686-linux-gnu/4.8
Found candidate GCC installation: /usr/bin/../lib/gcc/i686-linux-gnu/4.8.4
Found candidate GCC installation: /usr/bin/../lib/gcc/i686-linux-gnu/4.9
Found candidate GCC installation: /usr/bin/../lib/gcc/i686-linux-gnu/4.9.2
Found candidate GCC installation: /usr/bin/../lib/gcc/x86_64-linux-gnu/4.8
Found candidate GCC installation: /usr/bin/../lib/gcc/x86_64-linux-gnu/4.8.4
Found candidate GCC installation: /usr/bin/../lib/gcc/x86_64-linux-gnu/4.9
Found candidate GCC installation: /usr/bin/../lib/gcc/x86_64-linux-gnu/4.9.2
Found candidate GCC installation: /usr/bin/../lib/gcc/x86_64-linux-gnu/5.0.1
Found candidate GCC installation: /usr/lib/gcc/i686-linux-gnu/4.8
Found candidate GCC installation: /usr/lib/gcc/i686-linux-gnu/4.8.4
Found candidate GCC installation: /usr/lib/gcc/i686-linux-gnu/4.9
Found candidate GCC installation: /usr/lib/gcc/i686-linux-gnu/4.9.2
Found candidate GCC installation: /usr/lib/gcc/x86_64-linux-gnu/4.8
Found candidate GCC installation: /usr/lib/gcc/x86_64-linux-gnu/4.8.4
Found candidate GCC installation: /usr/lib/gcc/x86_64-linux-gnu/4.9
Found candidate GCC installation: /usr/lib/gcc/x86_64-linux-gnu/4.9.2
Found candidate GCC installation: /usr/lib/gcc/x86_64-linux-gnu/5.0.1
Selected GCC installation: /usr/bin/../lib/gcc/x86_64-linux-gnu/4.9
Candidate multilib: .;@m64
Selected multilib: .;@m64
 "/usr/bin/ld" -export-dynamic --eh-frame-hdr -m elf_x86_64 -dynamic-linker /lib64/ld-linux-x86-64.so.2 -o cmTryCompileExec3880575128 /usr/bin/../lib/gcc/x86_64-linux-gnu/4.9/../../../x86_64-linux-gnu/crt1.o /usr/bin/../lib/gcc/x86_64-linux-gnu/4.9/../../../x86_64-linux-gnu/crti.o /usr/bin/../lib/gcc/x86_64-linux-gnu/4.9/crtbegin.o -L/usr/bin/../lib/gcc/x86_64-linux-gnu/4.9 -L/usr/bin/../lib/gcc/x86_64-linux-gnu/4.9/../../../x86_64-linux-gnu -L/lib/x86_64-linux-gnu -L/lib/../lib64 -L/usr/lib/x86_64-linux-gnu -L/usr/bin/../lib/gcc/x86_64-linux-gnu/4.9/../../.. -L/usr/lib/llvm-3.6/bin/../lib -L/lib -L/usr/lib CMakeFiles/cmTryCompileExec3880575128.dir/CMakeCCompilerABI.c.o -lgcc --as-needed -lgcc_s --no-as-needed -lc -lgcc --as-needed -lgcc_s --no-as-needed /usr/bin/../lib/gcc/x86_64-linux-gnu/4.9/crtend.o /usr/bin/../lib/gcc/x86_64-linux-gnu/4.9/../../../x86_64-linux-gnu/crtn.o
make[1]: Leaving directory '/home/aburns/Documents/compilers/projects/bake/linux_cmake/CMakeFiles/CMakeTmp'


Parsed C implicit link information from above output:
  link line regex: [^( *|.*[/\])(ld|([^/\]+-)?ld|collect2)[^/\]*( |$)]
  ignore line: [Change Dir: /home/aburns/Documents/compilers/projects/bake/linux_cmake/CMakeFiles/CMakeTmp]
  ignore line: []
  ignore line: [Run Build Command:"/usr/bin/make" "cmTryCompileExec3880575128/fast"]
  ignore line: [/usr/bin/make -f CMakeFiles/cmTryCompileExec3880575128.dir/build.make CMakeFiles/cmTryCompileExec3880575128.dir/build]
  ignore line: [make[1]: Entering directory '/home/aburns/Documents/compilers/projects/bake/linux_cmake/CMakeFiles/CMakeTmp']
  ignore line: [/usr/bin/cmake -E cmake_progress_report /home/aburns/Documents/compilers/projects/bake/linux_cmake/CMakeFiles/CMakeTmp/CMakeFiles 1]
  ignore line: [Building C object CMakeFiles/cmTryCompileExec3880575128.dir/CMakeCCompilerABI.c.o]
  ignore line: [/usr/bin/clang    -o CMakeFiles/cmTryCompileExec3880575128.dir/CMakeCCompilerABI.c.o   -c /usr/share/cmake-3.0/Modules/CMakeCCompilerABI.c]
  ignore line: [Linking C executable cmTryCompileExec3880575128]
  ignore line: [/usr/bin/cmake -E cmake_link_script CMakeFiles/cmTryCompileExec3880575128.dir/link.txt --verbose=1]
  ignore line: [/usr/bin/clang     -v CMakeFiles/cmTryCompileExec3880575128.dir/CMakeCCompilerABI.c.o  -o cmTryCompileExec3880575128 -rdynamic  ]
  ignore line: [Ubuntu clang version 3.6.0-2ubuntu1 (tags/RELEASE_360/final) (based on LLVM 3.6.0)]
  ignore line: [Target: x86_64-pc-linux-gnu]
  ignore line: [Thread model: posix]
  ignore line: [Found candidate GCC installation: /usr/bin/../lib/gcc/i686-linux-gnu/4.8]
  ignore line: [Found candidate GCC installation: /usr/bin/../lib/gcc/i686-linux-gnu/4.8.4]
  ignore line: [Found candidate GCC installation: /usr/bin/../lib/gcc/i686-linux-gnu/4.9]
  ignore line: [Found candidate GCC installation: /usr/bin/../lib/gcc/i686-linux-gnu/4.9.2]
  ignore line: [Found candidate GCC installation: /usr/bin/../lib/gcc/x86_64-linux-gnu/4.8]
  ignore line: [Found candidate GCC installation: /usr/bin/../lib/gcc/x86_64-linux-gnu/4.8.4]
  ignore line: [Found candidate GCC installation: /usr/bin/../lib/gcc/x86_64-linux-gnu/4.9]
  ignore line: [Found candidate GCC installation: /usr/bin/../lib/gcc/x86_64-linux-gnu/4.9.2]
  ignore line: [Found candidate GCC installation: /usr/bin/../lib/gcc/x86_64-linux-gnu/5.0.1]
  ignore line: [Found candidate GCC installation: /usr/lib/gcc/i686-linux-gnu/4.8]
  ignore line: [Found candidate GCC installation: /usr/lib/gcc/i686-linux-gnu/4.8.4]
  ignore line: [Found candidate GCC installation: /usr/lib/gcc/i686-linux-gnu/4.9]
  ignore line: [Found candidate GCC installation: /usr/lib/gcc/i686-linux-gnu/4.9.2]
  ignore line: [Found candidate GCC installation: /usr/lib/gcc/x86_64-linux-gnu/4.8]
  ignore line: [Found candidate GCC installation: /usr/lib/gcc/x86_64-linux-gnu/4.8.4]
  ignore line: [Found candidate GCC installation: /usr/lib/gcc/x86_64-linux-gnu/4.9]
  ignore line: [Found candidate GCC installation: /usr/lib/gcc/x86_64-linux-gnu/4.9.2]
  ignore line: [Found candidate GCC installation: /usr/lib/gcc/x86_64-linux-gnu/5.0.1]
  ignore line: [Selected GCC installation: /usr/bin/../lib/gcc/x86_64-linux-gnu/4.9]
  ignore line: [Candidate multilib: .]
  ignore line: [@m64]
  ignore line: [Selected multilib: .]
  ignore line: [@m64]
  link line: [ "/usr/bin/ld" -export-dynamic --eh-frame-hdr -m elf_x86_64 -dynamic-linker /lib64/ld-linux-x86-64.so.2 -o cmTryCompileExec3880575128 /usr/bin/../lib/gcc/x86_64-linux-gnu/4.9/../../../x86_64-linux-gnu/crt1.o /usr/bin/../lib/gcc/x86_64-linux-gnu/4.9/../../../x86_64-linux-gnu/crti.o /usr/bin/../lib/gcc/x86_64-linux-gnu/4.9/crtbegin.o -L/usr/bin/../lib/gcc/x86_64-linux-gnu/4.9 -L/usr/bin/../lib/gcc/x86_64-linux-gnu/4.9/../../../x86_64-linux-gnu -L/lib/x86_64-linux-gnu -L/lib/../lib64 -L/usr/lib/x86_64-linux-gnu -L/usr/bin/../lib/gcc/x86_64-linux-gnu/4.9/../../.. -L/usr/lib/llvm-3.6/bin/../lib -L/lib -L/usr/lib CMakeFiles/cmTryCompileExec3880575128.dir/CMakeCCompilerABI.c.o -lgcc --as-needed -lgcc_s --no-as-needed -lc -lgcc --as-needed -lgcc_s --no-as-needed /usr/bin/../lib/gcc/x86_64-linux-gnu/4.9/crtend.o /usr/bin/../lib/gcc/x86_64-linux-gnu/4.9/../../../x86_64-linux-gnu/crtn.o]
    arg [/usr/bin/ld] ==> ignore
    arg [-export-dynamic] ==> ignore
    arg [--eh-frame-hdr] ==> ignore
    arg [-m] ==> ignore
    arg [elf_x86_64] ==> ignore
    arg [-dynamic-linker] ==> ignore
    arg [/lib64/ld-linux-x86-64.so.2] ==> ignore
    arg [-o] ==> ignore
    arg [cmTryCompileExec3880575128] ==> ignore
    arg [/usr/bin/../lib/gcc/x86_64-linux-gnu/4.9/../../../x86_64-linux-gnu/crt1.o] ==> ignore
    arg [/usr/bin/../lib/gcc/x86_64-linux-gnu/4.9/../../../x86_64-linux-gnu/crti.o] ==> ignore
    arg [/usr/bin/../lib/gcc/x86_64-linux-gnu/4.9/crtbegin.o] ==> ignore
    arg [-L/usr/bin/../lib/gcc/x86_64-linux-gnu/4.9] ==> dir [/usr/bin/../lib/gcc/x86_64-linux-gnu/4.9]
    arg [-L/usr/bin/../lib/gcc/x86_64-linux-gnu/4.9/../../../x86_64-linux-gnu] ==> dir [/usr/bin/../lib/gcc/x86_64-linux-gnu/4.9/../../../x86_64-linux-gnu]
    arg [-L/lib/x86_64-linux-gnu] ==> dir [/lib/x86_64-linux-gnu]
    arg [-L/lib/../lib64] ==> dir [/lib/../lib64]
    arg [-L/usr/lib/x86_64-linux-gnu] ==> dir [/usr/lib/x86_64-linux-gnu]
    arg [-L/usr/bin/../lib/gcc/x86_64-linux-gnu/4.9/../../..] ==> dir [/usr/bin/../lib/gcc/x86_64-linux-gnu/4.9/../../..]
    arg [-L/usr/lib/llvm-3.6/bin/../lib] ==> dir [/usr/lib/llvm-3.6/bin/../lib]
    arg [-L/lib] ==> dir [/lib]
    arg [-L/usr/lib] ==> dir [/usr/lib]
    arg [CMakeFiles/cmTryCompileExec3880575128.dir/CMakeCCompilerABI.c.o] ==> ignore
    arg [-lgcc] ==> lib [gcc]
    arg [--as-needed] ==> ignore
    arg [-lgcc_s] ==> lib [gcc_s]
    arg [--no-as-needed] ==> ignore
    arg [-lc] ==> lib [c]
    arg [-lgcc] ==> lib [gcc]
    arg [--as-needed] ==> ignore
    arg [-lgcc_s] ==> lib [gcc_s]
    arg [--no-as-needed] ==> ignore
    arg [/usr/bin/../lib/gcc/x86_64-linux-gnu/4.9/crtend.o] ==> ignore
    arg [/usr/bin/../lib/gcc/x86_64-linux-gnu/4.9/../../../x86_64-linux-gnu/crtn.o] ==> ignore
  remove lib [gcc]
  remove lib [gcc_s]
  remove lib [gcc]
  remove lib [gcc_s]
  collapse library dir [/usr/bin/../lib/gcc/x86_64-linux-gnu/4.9] ==> [/usr/lib/gcc/x86_64-linux-gnu/4.9]
  collapse library dir [/usr/bin/../lib/gcc/x86_64-linux-gnu/4.9/../../../x86_64-linux-gnu] ==> [/usr/lib/x86_64-linux-gnu]
  collapse library dir [/lib/x86_64-linux-gnu] ==> [/lib/x86_64-linux-gnu]
  collapse library dir [/lib/../lib64] ==> [/lib64]
  collapse library dir [/usr/lib/x86_64-linux-gnu] ==> [/usr/lib/x86_64-linux-gnu]
  collapse library dir [/usr/bin/../lib/gcc/x86_64-linux-gnu/4.9/../../..] ==> [/usr/lib]
  collapse library dir [/usr/lib/llvm-3.6/bin/../lib] ==> [/usr/lib/llvm-3.6/lib]
  collapse library dir [/lib] ==> [/lib]
  collapse library dir [/usr/lib] ==> [/usr/lib]
  implicit libs: [c]
  implicit dirs: [/usr/lib/gcc/x86_64-linux-gnu/4.9;/usr/lib/x86_64-linux-gnu;/lib/x86_64-linux-gnu;/lib64;/usr/lib;/usr/lib/llvm-3.6/lib;/lib]
  implicit fwks: []


Determining if the CXX compiler works passed with the following output:
Change Dir: /home/aburns/Documents/compilers/projects/bake/linux_cmake/CMakeFiles/CMakeTmp

Run Build Command:"/usr/bin/make" "cmTryCompileExec3877052888/fast"
/usr/bin/make -f CMakeFiles/cmTryCompileExec3877052888.dir/build.make CMakeFiles/cmTryCompileExec3877052888.dir/build
make[1]: Entering directory '/home/aburns/Documents/compilers/projects/bake/linux_cmake/CMakeFiles/CMakeTmp'
/usr/bin/cmake -E cmake_progress_report /home/aburns/Documents/compilers/projects/bake/linux_cmake/CMakeFiles/CMakeTmp/CMakeFiles 1
Building CXX object CMakeFiles/cmTryCompileExec3877052888.dir/testCXXCompiler.cxx.o
/usr/bin/clang++     -o CMakeFiles/cmTryCompileExec3877052888.dir/testCXXCompiler.cxx.o -c /home/aburns/Documents/compilers/projects/bake/linux_cmake/CMakeFiles/CMakeTmp/testCXXCompiler.cxx
Linking CXX executable cmTryCompileExec3877052888
/usr/bin/cmake -E cmake_link_script CMakeFiles/cmTryCompileExec3877052888.dir/link.txt --verbose=1
/usr/bin/clang++        CMakeFiles/cmTryCompileExec3877052888.dir/testCXXCompiler.cxx.o  -o cmTryCompileExec3877052888 -rdynamic 
make[1]: Leaving directory '/home/aburns/Documents/compilers/projects/bake/linux_cmake/CMakeFiles/CMakeTmp'


Detecting CXX compiler ABI info compiled with the following output:
Change Dir: /home/aburns/Documents/compilers/projects/bake/linux_cmake/CMakeFiles/CMakeTmp

Run Build Command:"/usr/bin/make" "cmTryCompileExec978580043/fast"
/usr/bin/make -f CMakeFiles/cmTryCompileExec978580043.dir/build.make CMakeFiles/cmTryCompileExec978580043.dir/build
make[1]: Entering directory '/home/aburns/Documents/compilers/projects/bake/linux_cmake/CMakeFiles/CMakeTmp'
/usr/bin/cmake -E cmake_progress_report /home/aburns/Documents/compilers/projects/bake/linux_cmake/CMakeFiles/CMakeTmp/CMakeFiles 1
Building CXX object CMakeFiles/cmTryCompileExec978580043.dir/CMakeCXXCompilerABI.cpp.o
/usr/bin/clang++     -o CMakeFiles/cmTryCompileExec978580043.dir/CMakeCXXCompilerABI.cpp.o -c /usr/share/cmake-3.0/Modules/CMakeCXXCompilerABI.cpp
Linking CXX executable cmTryCompileExec978580043
/usr/bin/cmake -E cmake_link_script CMakeFiles/cmTryCompileExec978580043.dir/link.txt --verbose=1
/usr/bin/clang++      -v CMakeFiles/cmTryCompileExec978580043.dir/CMakeCXXCompilerABI.cpp.o  -o cmTryCompileExec978580043 -rdynamic  
Ubuntu clang version 3.6.0-2ubuntu1 (tags/RELEASE_360/final) (based on LLVM 3.6.0)
Target: x86_64-pc-linux-gnu
Thread model: posix
Found candidate GCC installation: /usr/bin/../lib/gcc/i686-linux-gnu/4.8
Found candidate GCC installation: /usr/bin/../lib/gcc/i686-linux-gnu/4.8.4
Found candidate GCC installation: /usr/bin/../lib/gcc/i686-linux-gnu/4.9
Found candidate GCC installation: /usr/bin/../lib/gcc/i686-linux-gnu/4.9.2
Found candidate GCC installation: /usr/bin/../lib/gcc/x86_64-linux-gnu/4.8
Found candidate GCC installation: /usr/bin/../lib/gcc/x86_64-linux-gnu/4.8.4
Found candidate GCC installation: /usr/bin/../lib/gcc/x86_64-linux-gnu/4.9
Found candidate GCC installation: /usr/bin/../lib/gcc/x86_64-linux-gnu/4.9.2
Found candidate GCC installation: /usr/bin/../lib/gcc/x86_64-linux-gnu/5.0.1
Found candidate GCC installation: /usr/lib/gcc/i686-linux-gnu/4.8
Found candidate GCC installation: /usr/lib/gcc/i686-linux-gnu/4.8.4
Found candidate GCC installation: /usr/lib/gcc/i686-linux-gnu/4.9
Found candidate GCC installation: /usr/lib/gcc/i686-linux-gnu/4.9.2
Found candidate GCC installation: /usr/lib/gcc/x86_64-linux-gnu/4.8
Found candidate GCC installation: /usr/lib/gcc/x86_64-linux-gnu/4.8.4
Found candidate GCC installation: /usr/lib/gcc/x86_64-linux-gnu/4.9
Found candidate GCC installation: /usr/lib/gcc/x86_64-linux-gnu/4.9.2
Found candidate GCC installation: /usr/lib/gcc/x86_64-linux-gnu/5.0.1
Selected GCC installation: /usr/bin/../lib/gcc/x86_64-linux-gnu/4.9
Candidate multilib: .;@m64
Selected multilib: .;@m64
 "/usr/bin/ld" -export-dynamic --eh-frame-hdr -m elf_x86_64 -dynamic-linker /lib64/ld-linux-x86-64.so.2 -o cmTryCompileExec978580043 /usr/bin/../lib/gcc/x86_64-linux-gnu/4.9/../../../x86_64-linux-gnu/crt1.o /usr/bin/../lib/gcc/x86_64-linux-gnu/4.9/../../../x86_64-linux-gnu/crti.o /usr/bin/../lib/gcc/x86_64-linux-gnu/4.9/crtbegin.o -L/usr/bin/../lib/gcc/x86_64-linux-gnu/4.9 -L/usr/bin/../lib/gcc/x86_64-linux-gnu/4.9/../../../x86_64-linux-gnu -L/lib/x86_64-linux-gnu -L/lib/../lib64 -L/usr/lib/x86_64-linux-gnu -L/usr/bin/../lib/gcc/x86_64-linux-gnu/4.9/../../.. -L/usr/lib/llvm-3.6/bin/../lib -L/lib -L/usr/lib CMakeFiles/cmTryCompileExec978580043.dir/CMakeCXXCompilerABI.cpp.o -lstdc++ -lm -lgcc_s -lgcc -lc -lgcc_s -lgcc /usr/bin/../lib/gcc/x86_64-linux-gnu/4.9/crtend.o /usr/bin/../lib/gcc/x86_64-linux-gnu/4.9/../../../x86_64-linux-gnu/crtn.o
make[1]: Leaving directory '/home/aburns/Documents/compilers/projects/bake/linux_cmake/CMakeFiles/CMakeTmp'


Parsed CXX implicit link information from above output:
  link line regex: [^( *|.*[/\])(ld|([^/\]+-)?ld|collect2)[^/\]*( |$)]
  ignore line: [Change Dir: /home/aburns/Documents/compilers/projects/bake/linux_cmake/CMakeFiles/CMakeTmp]
  ignore line: []
  ignore line: [Run Build Command:"/usr/bin/make" "cmTryCompileExec978580043/fast"]
  ignore line: [/usr/bin/make -f CMakeFiles/cmTryCompileExec978580043.dir/build.make CMakeFiles/cmTryCompileExec978580043.dir/build]
  ignore line: [make[1]: Entering directory '/home/aburns/Documents/compilers/projects/bake/linux_cmake/CMakeFiles/CMakeTmp']
  ignore line: [/usr/bin/cmake -E cmake_progress_report /home/aburns/Documents/compilers/projects/bake/linux_cmake/CMakeFiles/CMakeTmp/CMakeFiles 1]
  ignore line: [Building CXX object CMakeFiles/cmTryCompileExec978580043.dir/CMakeCXXCompilerABI.cpp.o]
  ignore line: [/usr/bin/clang++     -o CMakeFiles/cmTryCompileExec978580043.dir/CMakeCXXCompilerABI.cpp.o -c /usr/share/cmake-3.0/Modules/CMakeCXXCompilerABI.cpp]
  ignore line: [Linking CXX executable cmTryCompileExec978580043]
  ignore line: [/usr/bin/cmake -E cmake_link_script CMakeFiles/cmTryCompileExec978580043.dir/link.txt --verbose=1]
  ignore line: [/usr/bin/clang++      -v CMakeFiles/cmTryCompileExec978580043.dir/CMakeCXXCompilerABI.cpp.o  -o cmTryCompileExec978580043 -rdynamic  ]
  ignore line: [Ubuntu clang version 3.6.0-2ubuntu1 (tags/RELEASE_360/final) (based on LLVM 3.6.0)]
  ignore line: [Target: x86_64-pc-linux-gnu]
  ignore line: [Thread model: posix]
  ignore line: [Found candidate GCC installation: /usr/bin/../lib/gcc/i686-linux-gnu/4.8]
  ignore line: [Found candidate GCC installation: /usr/bin/../lib/gcc/i686-linux-gnu/4.8.4]
  ignore line: [Found candidate GCC installation: /usr/bin/../lib/gcc/i686-linux-gnu/4.9]
  ignore line: [Found candidate GCC installation: /usr/bin/../lib/gcc/i686-linux-gnu/4.9.2]
  ignore line: [Found candidate GCC installation: /usr/bin/../lib/gcc/x86_64-linux-gnu/4.8]
  ignore line: [Found candidate GCC installation: /usr/bin/../lib/gcc/x86_64-linux-gnu/4.8.4]
  ignore line: [Found candidate GCC installation: /usr/bin/../lib/gcc/x86_64-linux-gnu/4.9]
  ignore line: [Found candidate GCC installation: /usr/bin/../lib/gcc/x86_64-linux-gnu/4.9.2]
  ignore line: [Found candidate GCC installation: /usr/bin/../lib/gcc/x86_64-linux-gnu/5.0.1]
  ignore line: [Found candidate GCC installation: /usr/lib/gcc/i686-linux-gnu/4.8]
  ignore line: [Found candidate GCC installation: /usr/lib/gcc/i686-linux-gnu/4.8.4]
  ignore line: [Found candidate GCC installation: /usr/lib/gcc/i686-linux-gnu/4.9]
  ignore line: [Found candidate GCC installation: /usr/lib/gcc/i686-linux-gnu/4.9.2]
  ignore line: [Found candidate GCC installation: /usr/lib/gcc/x86_64-linux-gnu/4.8]
  ignore line: [Found candidate GCC installation: /usr/lib/gcc/x86_64-linux-gnu/4.8.4]
  ignore line: [Found candidate GCC installation: /usr/lib/gcc/x86_64-linux-gnu/4.9]
  ignore line: [Found candidate GCC installation: /usr/lib/gcc/x86_64-linux-gnu/4.9.2]
  ignore line: [Found candidate GCC installation: /usr/lib/gcc/x86_64-linux-gnu/5.0.1]
  ignore line: [Selected GCC installation: /usr/bin/../lib/gcc/x86_64-linux-gnu/4.9]
  ignore line: [Candidate multilib: .]
  ignore line: [@m64]
  ignore line: [Selected multilib: .]
  ignore line: [@m64]
  link line: [ "/usr/bin/ld" -export-dynamic --eh-frame-hdr -m elf_x86_64 -dynamic-linker /lib64/ld-linux-x86-64.so.2 -o cmTryCompileExec978580043 /usr/bin/../lib/gcc/x86_64-linux-gnu/4.9/../../../x86_64-linux-gnu/crt1.o /usr/bin/../lib/gcc/x86_64-linux-gnu/4.9/../../../x86_64-linux-gnu/crti.o /usr/bin/../lib/gcc/x86_64-linux-gnu/4.9/crtbegin.o -L/usr/bin/../lib/gcc/x86_64-linux-gnu/4.9 -L/usr/bin/../lib/gcc/x86_64-linux-gnu/4.9/../../../x86_64-linux-gnu -L/lib/x86_64-linux-gnu -L/lib/../lib64 -L/usr/lib/x86_64-linux-gnu -L/usr/bin/../lib/gcc/x86_64-linux-gnu/4.9/../../.. -L/usr/lib/llvm-3.6/bin/../lib -L/lib -L/usr/lib CMakeFiles/cmTryCompileExec978580043.dir/CMakeCXXCompilerABI.cpp.o -lstdc++ -lm -lgcc_s -lgcc -lc -lgcc_s -lgcc /usr/bin/../lib/gcc/x86_64-linux-gnu/4.9/crtend.o /usr/bin/../lib/gcc/x86_64-linux-gnu/4.9/../../../x86_64-linux-gnu/crtn.o]
    arg [/usr/bin/ld] ==> ignore
    arg [-export-dynamic] ==> ignore
    arg [--eh-frame-hdr] ==> ignore
    arg [-m] ==> ignore
    arg [elf_x86_64] ==> ignore
    arg [-dynamic-linker] ==> ignore
    arg [/lib64/ld-linux-x86-64.so.2] ==> ignore
    arg [-o] ==> ignore
    arg [cmTryCompileExec978580043] ==> ignore
    arg [/usr/bin/../lib/gcc/x86_64-linux-gnu/4.9/../../../x86_64-linux-gnu/crt1.o] ==> ignore
    arg [/usr/bin/../lib/gcc/x86_64-linux-gnu/4.9/../../../x86_64-linux-gnu/crti.o] ==> ignore
    arg [/usr/bin/../lib/gcc/x86_64-linux-gnu/4.9/crtbegin.o] ==> ignore
    arg [-L/usr/bin/../lib/gcc/x86_64-linux-gnu/4.9] ==> dir [/usr/bin/../lib/gcc/x86_64-linux-gnu/4.9]
    arg [-L/usr/bin/../lib/gcc/x86_64-linux-gnu/4.9/../../../x86_64-linux-gnu] ==> dir [/usr/bin/../lib/gcc/x86_64-linux-gnu/4.9/../../../x86_64-linux-gnu]
    arg [-L/lib/x86_64-linux-gnu] ==> dir [/lib/x86_64-linux-gnu]
    arg [-L/lib/../lib64] ==> dir [/lib/../lib64]
    arg [-L/usr/lib/x86_64-linux-gnu] ==> dir [/usr/lib/x86_64-linux-gnu]
    arg [-L/usr/bin/../lib/gcc/x86_64-linux-gnu/4.9/../../..] ==> dir [/usr/bin/../lib/gcc/x86_64-linux-gnu/4.9/../../..]
    arg [-L/usr/lib/llvm-3.6/bin/../lib] ==> dir [/usr/lib/llvm-3.6/bin/../lib]
    arg [-L/lib] ==> dir [/lib]
    arg [-L/usr/lib] ==> dir [/usr/lib]
    arg [CMakeFiles/cmTryCompileExec978580043.dir/CMakeCXXCompilerABI.cpp.o] ==> ignore
    arg [-lstdc++] ==> lib [stdc++]
    arg [-lm] ==> lib [m]
    arg [-lgcc_s] ==> lib [gcc_s]
    arg [-lgcc] ==> lib [gcc]
    arg [-lc] ==> lib [c]
    arg [-lgcc_s] ==> lib [gcc_s]
    arg [-lgcc] ==> lib [gcc]
    arg [/usr/bin/../lib/gcc/x86_64-linux-gnu/4.9/crtend.o] ==> ignore
    arg [/usr/bin/../lib/gcc/x86_64-linux-gnu/4.9/../../../x86_64-linux-gnu/crtn.o] ==> ignore
  remove lib [gcc_s]
  remove lib [gcc]
  remove lib [gcc_s]
  remove lib [gcc]
  collapse library dir [/usr/bin/../lib/gcc/x86_64-linux-gnu/4.9] ==> [/usr/lib/gcc/x86_64-linux-gnu/4.9]
  collapse library dir [/usr/bin/../lib/gcc/x86_64-linux-gnu/4.9/../../../x86_64-linux-gnu] ==> [/usr/lib/x86_64-linux-gnu]
  collapse library dir [/lib/x86_64-linux-gnu] ==> [/lib/x86_64-linux-gnu]
  collapse library dir [/lib/../lib64] ==> [/lib64]
  collapse library dir [/usr/lib/x86_64-linux-gnu] ==> [/usr/lib/x86_64-linux-gnu]
  collapse library dir [/usr/bin/../lib/gcc/x86_64-linux-gnu/4.9/../../..] ==> [/usr/lib]
  collapse library dir [/usr/lib/llvm-3.6/bin/../lib] ==> [/usr/lib/llvm-3.6/lib]
  collapse library dir [/lib] ==> [/lib]
  collapse library dir [/usr/lib] ==> [/usr/lib]
  implicit libs: [stdc++;m;c]
  implicit dirs: [/usr/lib/gcc/x86_64-linux-gnu/4.9;/usr/lib/x86_64-linux-gnu;/lib/x86_64-linux-gnu;/lib64;/usr/lib;/usr/lib/llvm-3.6/lib;/lib]
  implicit fwks: []


